#-----------------------------------------------------------
# Vivado v2022.1 (64-bit)
# SW Build 3526262 on Mon Apr 18 15:47:01 MDT 2022
# IP Build 3524634 on Mon Apr 18 20:55:01 MDT 2022
# Start of session at: Thu Apr 25 02:12:10 2024
# Process ID: 177549
# Current directory: /home/samchang/NTHU_Project_v3/vivado
# Command line: vivado
# Log file: /home/samchang/NTHU_Project_v3/vivado/vivado.log
# Journal file: /home/samchang/NTHU_Project_v3/vivado/vivado.jou
# Running On: samchang-System-Product-Name, OS: Linux, CPU Frequency: 2100.000 MHz, CPU Physical cores: 16, Host memory: 33376 MB
#-----------------------------------------------------------
start_gui
WARNING: [Board 49-26] cannot add Board Part xilinx.com:vpk120_es:part0:1.2 available at /tools/Xilinx/Vivado/2022.1/data/xhub/boards/XilinxBoardStore/boards/Xilinx/vpk120/es/1.2/board.xml as part xcvp1202-vsva2785-2mp-e-s-es1 specified in board_part file is either invalid or not available
WARNING: [Board 49-26] cannot add Board Part xilinx.com:vpk120_es_revb:part0:1.0 available at /tools/Xilinx/Vivado/2022.1/data/xhub/boards/XilinxBoardStore/boards/Xilinx/vpk120_revb/es/1.0/board.xml as part xcvp1202-vsva2785-2mp-e-s-es1 specified in board_part file is either invalid or not available
WARNING: [Board 49-26] cannot add Board Part xilinx.com:zcu208ld:part0:2.0 available at /tools/Xilinx/Vivado/2022.1/data/xhub/boards/XilinxBoardStore/boards/Xilinx/zcu208ld/production/2.0/board.xml as part xczu58dr-fsvg1517-2-i specified in board_part file is either invalid or not available
WARNING: [Board 49-26] cannot add Board Part xilinx.com:zcu216ld:part0:2.0 available at /tools/Xilinx/Vivado/2022.1/data/xhub/boards/XilinxBoardStore/boards/Xilinx/zcu216ld/production/2.0/board.xml as part xczu59dr-ffvf1760-2-i specified in board_part file is either invalid or not available
WARNING: [Board 49-26] cannot add Board Part xilinx.com:zcu670:part0:2.0 available at /tools/Xilinx/Vivado/2022.1/data/xhub/boards/XilinxBoardStore/boards/Xilinx/zcu670/2.0/board.xml as part xczu67dr-fsve1156-2-i specified in board_part file is either invalid or not available
WARNING: [Board 49-26] cannot add Board Part xilinx.com:zcu670ld:part0:1.0 available at /tools/Xilinx/Vivado/2022.1/data/xhub/boards/XilinxBoardStore/boards/Xilinx/zcu670ld/1.0/board.xml as part xczu57dr-fsve1156-2-i specified in board_part file is either invalid or not available
open_project /home/samchang/NTHU_Project_v3/vivado/vvd_caravel_fpga/vvd_caravel_fpga.xpr
Scanning sources...
Finished scanning sources
INFO: [Project 1-1877] Auto incremental dir location '/home/tonyho/workspace_willy/caravel_fpga/project/vitis_prj/hls_read_romcode/D:/Caravel_Soc/vvd_caravel_fpga/vvd_caravel_fpga.srcs/utils_1/imports/synth_1' of run 'synth_1' is not writable, setting it to default location '/home/samchang/NTHU_Project_v3/vivado/vvd_caravel_fpga/vvd_caravel_fpga.srcs/utils_1/imports/synth_1'.
INFO: [Project 1-1877] Auto incremental dir location '/home/tonyho/workspace_willy/caravel_fpga/project/vitis_prj/hls_read_romcode/D:/Caravel_Soc/vvd_caravel_fpga/vvd_caravel_fpga.srcs/utils_1/imports/impl_1' of run 'impl_1' is not writable, setting it to default location '/home/samchang/NTHU_Project_v3/vivado/vvd_caravel_fpga/vvd_caravel_fpga.srcs/utils_1/imports/impl_1'.
INFO: [IP_Flow 19-234] Refreshing IP repositories
INFO: [IP_Flow 19-1700] Loaded user IP repository '/home/samchang/NTHU_Project_v3/vivado/vitis_prj/hls_caravel_ps'.
INFO: [IP_Flow 19-1700] Loaded user IP repository '/home/samchang/NTHU_Project_v3/vivado/vitis_prj/hls_output_pin'.
INFO: [IP_Flow 19-1700] Loaded user IP repository '/home/samchang/NTHU_Project_v3/vivado/vitis_prj/hls_read_romcode'.
INFO: [IP_Flow 19-2313] Loaded Vivado IP repository '/tools/Xilinx/Vivado/2022.1/data/ip'.
update_compile_order -fileset sources_1
open_run impl_1
INFO: [Device 21-403] Loading part xc7z020clg400-1
Netlist sorting complete. Time (s): cpu = 00:00:00.08 ; elapsed = 00:00:00.08 . Memory (MB): peak = 8418.551 ; gain = 0.000 ; free physical = 11803 ; free virtual = 21806
INFO: [Netlist 29-17] Analyzing 830 Unisim elements for replacement
INFO: [Netlist 29-28] Unisim Transformation completed in 0 CPU seconds
INFO: [Project 1-479] Netlist was created with Vivado 2022.1
INFO: [Project 1-570] Preparing netlist for logic optimization
INFO: [Timing 38-478] Restoring timing data from binary archive.
INFO: [Timing 38-479] Binary timing data restore complete.
INFO: [Project 1-856] Restoring constraints from binary archive.
INFO: [Project 1-853] Binary constraint restore complete.
Reading XDEF placement.
Reading placer database...
Reading XDEF routing.
Read XDEF Files: Time (s): cpu = 00:00:00.81 ; elapsed = 00:00:00.54 . Memory (MB): peak = 8418.551 ; gain = 0.000 ; free physical = 11258 ; free virtual = 21261
Restored from archive | CPU: 0.830000 secs | Memory: 23.546402 MB |
Finished XDEF File Restore: Time (s): cpu = 00:00:00.81 ; elapsed = 00:00:00.54 . Memory (MB): peak = 8418.551 ; gain = 0.000 ; free physical = 11258 ; free virtual = 21261
Netlist sorting complete. Time (s): cpu = 00:00:00 ; elapsed = 00:00:00 . Memory (MB): peak = 8418.551 ; gain = 0.000 ; free physical = 11259 ; free virtual = 21263
INFO: [Project 1-111] Unisim Transformation Summary:
  A total of 69 instances were transformed.
  RAM16X1S => RAM32X1S (RAMS32): 64 instances
  RAM32M => RAM32M (RAMD32(x6), RAMS32(x2)): 4 instances
  RAM32X1D => RAM32X1D (RAMD32(x2)): 1 instance 

open_run: Time (s): cpu = 00:00:17 ; elapsed = 00:00:09 . Memory (MB): peak = 8766.570 ; gain = 348.020 ; free physical = 11040 ; free virtual = 21046
open_run synth_1 -name synth_1
Design is defaulting to impl run constrset: constrs_1
Design is defaulting to synth run part: xc7z020clg400-1
INFO: [Project 1-454] Reading design checkpoint '/home/samchang/NTHU_Project_v3/vivado/vvd_caravel_fpga/vvd_caravel_fpga.gen/sources_1/bd/design_1/ip/design_1_axi_intc_0_0/design_1_axi_intc_0_0.dcp' for cell 'design_1_i/axi_intc_0'
INFO: [Project 1-454] Reading design checkpoint '/home/samchang/NTHU_Project_v3/vivado/vvd_caravel_fpga/vvd_caravel_fpga.gen/sources_1/bd/design_1/ip/design_1_axi_uartlite_0_0/design_1_axi_uartlite_0_0.dcp' for cell 'design_1_i/axi_uartlite_0'
INFO: [Project 1-454] Reading design checkpoint '/home/samchang/NTHU_Project_v3/vivado/vvd_caravel_fpga/vvd_caravel_fpga.gen/sources_1/bd/design_1/ip/design_1_blk_mem_gen_0_0/design_1_blk_mem_gen_0_0.dcp' for cell 'design_1_i/blk_mem_gen_0'
INFO: [Project 1-454] Reading design checkpoint '/home/samchang/NTHU_Project_v3/vivado/vvd_caravel_fpga/vvd_caravel_fpga.gen/sources_1/bd/design_1/ip/design_1_caravel_0_0/design_1_caravel_0_0.dcp' for cell 'design_1_i/caravel_0'
INFO: [Project 1-454] Reading design checkpoint '/home/samchang/NTHU_Project_v3/vivado/vvd_caravel_fpga/vvd_caravel_fpga.gen/sources_1/bd/design_1/ip/design_1_caravel_ps_0_0/design_1_caravel_ps_0_0.dcp' for cell 'design_1_i/caravel_ps_0'
INFO: [Project 1-454] Reading design checkpoint '/home/samchang/NTHU_Project_v3/vivado/vvd_caravel_fpga/vvd_caravel_fpga.gen/sources_1/bd/design_1/ip/design_1_output_pin_0_0/design_1_output_pin_0_0.dcp' for cell 'design_1_i/output_pin_0'
INFO: [Project 1-454] Reading design checkpoint '/home/samchang/NTHU_Project_v3/vivado/vvd_caravel_fpga/vvd_caravel_fpga.gen/sources_1/bd/design_1/ip/design_1_processing_system7_0_0/design_1_processing_system7_0_0.dcp' for cell 'design_1_i/processing_system7_0'
INFO: [Project 1-454] Reading design checkpoint '/home/samchang/NTHU_Project_v3/vivado/vvd_caravel_fpga/vvd_caravel_fpga.gen/sources_1/bd/design_1/ip/design_1_read_romcode_0_0/design_1_read_romcode_0_0.dcp' for cell 'design_1_i/read_romcode_0'
INFO: [Project 1-454] Reading design checkpoint '/home/samchang/NTHU_Project_v3/vivado/vvd_caravel_fpga/vvd_caravel_fpga.gen/sources_1/bd/design_1/ip/design_1_rst_ps7_0_10M_0/design_1_rst_ps7_0_10M_0.dcp' for cell 'design_1_i/rst_ps7_0_10M'
INFO: [Project 1-454] Reading design checkpoint '/home/samchang/NTHU_Project_v3/vivado/vvd_caravel_fpga/vvd_caravel_fpga.gen/sources_1/bd/design_1/ip/design_1_spiflash_0_0/design_1_spiflash_0_0.dcp' for cell 'design_1_i/spiflash_0'
INFO: [Project 1-454] Reading design checkpoint '/home/samchang/NTHU_Project_v3/vivado/vvd_caravel_fpga/vvd_caravel_fpga.gen/sources_1/bd/design_1/ip/design_1_auto_pc_0/design_1_auto_pc_0.dcp' for cell 'design_1_i/axi_mem_intercon/s00_couplers/auto_pc'
INFO: [Project 1-454] Reading design checkpoint '/home/samchang/NTHU_Project_v3/vivado/vvd_caravel_fpga/vvd_caravel_fpga.gen/sources_1/bd/design_1/ip/design_1_auto_us_0/design_1_auto_us_0.dcp' for cell 'design_1_i/axi_mem_intercon/s00_couplers/auto_us'
INFO: [Project 1-454] Reading design checkpoint '/home/samchang/NTHU_Project_v3/vivado/vvd_caravel_fpga/vvd_caravel_fpga.gen/sources_1/bd/design_1/ip/design_1_xbar_0/design_1_xbar_0.dcp' for cell 'design_1_i/ps7_0_axi_periph/xbar'
INFO: [Project 1-454] Reading design checkpoint '/home/samchang/NTHU_Project_v3/vivado/vvd_caravel_fpga/vvd_caravel_fpga.gen/sources_1/bd/design_1/ip/design_1_auto_pc_1/design_1_auto_pc_1.dcp' for cell 'design_1_i/ps7_0_axi_periph/s00_couplers/auto_pc'
Netlist sorting complete. Time (s): cpu = 00:00:00.21 ; elapsed = 00:00:00.1 . Memory (MB): peak = 8766.570 ; gain = 0.000 ; free physical = 10735 ; free virtual = 20744
INFO: [Netlist 29-17] Analyzing 858 Unisim elements for replacement
INFO: [Netlist 29-28] Unisim Transformation completed in 0 CPU seconds
INFO: [Project 1-479] Netlist was created with Vivado 2022.1
INFO: [Project 1-570] Preparing netlist for logic optimization
Parsing XDC File [/home/samchang/NTHU_Project_v3/vivado/vvd_caravel_fpga/vvd_caravel_fpga.gen/sources_1/bd/design_1/ip/design_1_processing_system7_0_0/design_1_processing_system7_0_0.xdc] for cell 'design_1_i/processing_system7_0/inst'
Finished Parsing XDC File [/home/samchang/NTHU_Project_v3/vivado/vvd_caravel_fpga/vvd_caravel_fpga.gen/sources_1/bd/design_1/ip/design_1_processing_system7_0_0/design_1_processing_system7_0_0.xdc] for cell 'design_1_i/processing_system7_0/inst'
Parsing XDC File [/home/samchang/NTHU_Project_v3/vivado/vvd_caravel_fpga/vvd_caravel_fpga.gen/sources_1/bd/design_1/ip/design_1_rst_ps7_0_10M_0/design_1_rst_ps7_0_10M_0_board.xdc] for cell 'design_1_i/rst_ps7_0_10M/U0'
Finished Parsing XDC File [/home/samchang/NTHU_Project_v3/vivado/vvd_caravel_fpga/vvd_caravel_fpga.gen/sources_1/bd/design_1/ip/design_1_rst_ps7_0_10M_0/design_1_rst_ps7_0_10M_0_board.xdc] for cell 'design_1_i/rst_ps7_0_10M/U0'
Parsing XDC File [/home/samchang/NTHU_Project_v3/vivado/vvd_caravel_fpga/vvd_caravel_fpga.gen/sources_1/bd/design_1/ip/design_1_rst_ps7_0_10M_0/design_1_rst_ps7_0_10M_0.xdc] for cell 'design_1_i/rst_ps7_0_10M/U0'
Finished Parsing XDC File [/home/samchang/NTHU_Project_v3/vivado/vvd_caravel_fpga/vvd_caravel_fpga.gen/sources_1/bd/design_1/ip/design_1_rst_ps7_0_10M_0/design_1_rst_ps7_0_10M_0.xdc] for cell 'design_1_i/rst_ps7_0_10M/U0'
Parsing XDC File [/home/samchang/NTHU_Project_v3/vivado/vvd_caravel_fpga/vvd_caravel_fpga.gen/sources_1/bd/design_1/ip/design_1_axi_uartlite_0_0/design_1_axi_uartlite_0_0_board.xdc] for cell 'design_1_i/axi_uartlite_0/U0'
Finished Parsing XDC File [/home/samchang/NTHU_Project_v3/vivado/vvd_caravel_fpga/vvd_caravel_fpga.gen/sources_1/bd/design_1/ip/design_1_axi_uartlite_0_0/design_1_axi_uartlite_0_0_board.xdc] for cell 'design_1_i/axi_uartlite_0/U0'
Parsing XDC File [/home/samchang/NTHU_Project_v3/vivado/vvd_caravel_fpga/vvd_caravel_fpga.gen/sources_1/bd/design_1/ip/design_1_axi_uartlite_0_0/design_1_axi_uartlite_0_0.xdc] for cell 'design_1_i/axi_uartlite_0/U0'
Finished Parsing XDC File [/home/samchang/NTHU_Project_v3/vivado/vvd_caravel_fpga/vvd_caravel_fpga.gen/sources_1/bd/design_1/ip/design_1_axi_uartlite_0_0/design_1_axi_uartlite_0_0.xdc] for cell 'design_1_i/axi_uartlite_0/U0'
Parsing XDC File [/home/samchang/NTHU_Project_v3/vivado/vvd_caravel_fpga/vvd_caravel_fpga.gen/sources_1/bd/design_1/ip/design_1_axi_intc_0_0/design_1_axi_intc_0_0.xdc] for cell 'design_1_i/axi_intc_0/U0'
Finished Parsing XDC File [/home/samchang/NTHU_Project_v3/vivado/vvd_caravel_fpga/vvd_caravel_fpga.gen/sources_1/bd/design_1/ip/design_1_axi_intc_0_0/design_1_axi_intc_0_0.xdc] for cell 'design_1_i/axi_intc_0/U0'
Parsing XDC File [/home/samchang/NTHU_Project_v3/vivado/vvd_caravel_fpga/vvd_caravel_fpga.gen/sources_1/bd/design_1/ip/design_1_auto_us_0/design_1_auto_us_0_clocks.xdc] for cell 'design_1_i/axi_mem_intercon/s00_couplers/auto_us/inst'
Finished Parsing XDC File [/home/samchang/NTHU_Project_v3/vivado/vvd_caravel_fpga/vvd_caravel_fpga.gen/sources_1/bd/design_1/ip/design_1_auto_us_0/design_1_auto_us_0_clocks.xdc] for cell 'design_1_i/axi_mem_intercon/s00_couplers/auto_us/inst'
Parsing XDC File [/home/samchang/NTHU_Project_v3/vivado/vvd_caravel_fpga/vvd_caravel_fpga.gen/sources_1/bd/design_1/ip/design_1_axi_intc_0_0/design_1_axi_intc_0_0_clocks.xdc] for cell 'design_1_i/axi_intc_0/U0'
Finished Parsing XDC File [/home/samchang/NTHU_Project_v3/vivado/vvd_caravel_fpga/vvd_caravel_fpga.gen/sources_1/bd/design_1/ip/design_1_axi_intc_0_0/design_1_axi_intc_0_0_clocks.xdc] for cell 'design_1_i/axi_intc_0/U0'
INFO: [Project 1-1714] 1 XPM XDC files have been applied to the design.
INFO: [Opt 31-138] Pushed 0 inverter(s) to 0 load pin(s).
Netlist sorting complete. Time (s): cpu = 00:00:00 ; elapsed = 00:00:00 . Memory (MB): peak = 8801.773 ; gain = 0.000 ; free physical = 10630 ; free virtual = 20639
INFO: [Project 1-111] Unisim Transformation Summary:
  A total of 69 instances were transformed.
  RAM16X1S => RAM32X1S (RAMS32): 64 instances
  RAM32M => RAM32M (RAMD32(x6), RAMS32(x2)): 4 instances
  RAM32X1D => RAM32X1D (RAMD32(x2)): 1 instance 

report_timing_summary -delay_type min_max -report_unconstrained -check_timing_verbose -max_paths 10 -input_pins -routable_nets -name timing_1
INFO: [Timing 38-35] Done setting XDC timing constraints.
INFO: [Timing 38-91] UpdateTimingParams: Speed grade: -1, Delay Type: min_max.
INFO: [Timing 38-191] Multithreading enabled for timing update using a maximum of 8 CPUs
close_design
open_run synth_1 -name synth_1
Design is defaulting to impl run constrset: constrs_1
Design is defaulting to synth run part: xc7z020clg400-1
INFO: [Project 1-454] Reading design checkpoint '/home/samchang/NTHU_Project_v3/vivado/vvd_caravel_fpga/vvd_caravel_fpga.gen/sources_1/bd/design_1/ip/design_1_axi_intc_0_0/design_1_axi_intc_0_0.dcp' for cell 'design_1_i/axi_intc_0'
INFO: [Project 1-454] Reading design checkpoint '/home/samchang/NTHU_Project_v3/vivado/vvd_caravel_fpga/vvd_caravel_fpga.gen/sources_1/bd/design_1/ip/design_1_axi_uartlite_0_0/design_1_axi_uartlite_0_0.dcp' for cell 'design_1_i/axi_uartlite_0'
INFO: [Project 1-454] Reading design checkpoint '/home/samchang/NTHU_Project_v3/vivado/vvd_caravel_fpga/vvd_caravel_fpga.gen/sources_1/bd/design_1/ip/design_1_blk_mem_gen_0_0/design_1_blk_mem_gen_0_0.dcp' for cell 'design_1_i/blk_mem_gen_0'
INFO: [Project 1-454] Reading design checkpoint '/home/samchang/NTHU_Project_v3/vivado/vvd_caravel_fpga/vvd_caravel_fpga.gen/sources_1/bd/design_1/ip/design_1_caravel_0_0/design_1_caravel_0_0.dcp' for cell 'design_1_i/caravel_0'
INFO: [Project 1-454] Reading design checkpoint '/home/samchang/NTHU_Project_v3/vivado/vvd_caravel_fpga/vvd_caravel_fpga.gen/sources_1/bd/design_1/ip/design_1_caravel_ps_0_0/design_1_caravel_ps_0_0.dcp' for cell 'design_1_i/caravel_ps_0'
INFO: [Project 1-454] Reading design checkpoint '/home/samchang/NTHU_Project_v3/vivado/vvd_caravel_fpga/vvd_caravel_fpga.gen/sources_1/bd/design_1/ip/design_1_output_pin_0_0/design_1_output_pin_0_0.dcp' for cell 'design_1_i/output_pin_0'
INFO: [Project 1-454] Reading design checkpoint '/home/samchang/NTHU_Project_v3/vivado/vvd_caravel_fpga/vvd_caravel_fpga.gen/sources_1/bd/design_1/ip/design_1_processing_system7_0_0/design_1_processing_system7_0_0.dcp' for cell 'design_1_i/processing_system7_0'
INFO: [Project 1-454] Reading design checkpoint '/home/samchang/NTHU_Project_v3/vivado/vvd_caravel_fpga/vvd_caravel_fpga.gen/sources_1/bd/design_1/ip/design_1_read_romcode_0_0/design_1_read_romcode_0_0.dcp' for cell 'design_1_i/read_romcode_0'
INFO: [Project 1-454] Reading design checkpoint '/home/samchang/NTHU_Project_v3/vivado/vvd_caravel_fpga/vvd_caravel_fpga.gen/sources_1/bd/design_1/ip/design_1_rst_ps7_0_10M_0/design_1_rst_ps7_0_10M_0.dcp' for cell 'design_1_i/rst_ps7_0_10M'
INFO: [Project 1-454] Reading design checkpoint '/home/samchang/NTHU_Project_v3/vivado/vvd_caravel_fpga/vvd_caravel_fpga.gen/sources_1/bd/design_1/ip/design_1_spiflash_0_0/design_1_spiflash_0_0.dcp' for cell 'design_1_i/spiflash_0'
INFO: [Project 1-454] Reading design checkpoint '/home/samchang/NTHU_Project_v3/vivado/vvd_caravel_fpga/vvd_caravel_fpga.gen/sources_1/bd/design_1/ip/design_1_auto_pc_0/design_1_auto_pc_0.dcp' for cell 'design_1_i/axi_mem_intercon/s00_couplers/auto_pc'
INFO: [Project 1-454] Reading design checkpoint '/home/samchang/NTHU_Project_v3/vivado/vvd_caravel_fpga/vvd_caravel_fpga.gen/sources_1/bd/design_1/ip/design_1_auto_us_0/design_1_auto_us_0.dcp' for cell 'design_1_i/axi_mem_intercon/s00_couplers/auto_us'
INFO: [Project 1-454] Reading design checkpoint '/home/samchang/NTHU_Project_v3/vivado/vvd_caravel_fpga/vvd_caravel_fpga.gen/sources_1/bd/design_1/ip/design_1_xbar_0/design_1_xbar_0.dcp' for cell 'design_1_i/ps7_0_axi_periph/xbar'
INFO: [Project 1-454] Reading design checkpoint '/home/samchang/NTHU_Project_v3/vivado/vvd_caravel_fpga/vvd_caravel_fpga.gen/sources_1/bd/design_1/ip/design_1_auto_pc_1/design_1_auto_pc_1.dcp' for cell 'design_1_i/ps7_0_axi_periph/s00_couplers/auto_pc'
Netlist sorting complete. Time (s): cpu = 00:00:00.13 ; elapsed = 00:00:00.09 . Memory (MB): peak = 9118.609 ; gain = 0.000 ; free physical = 10679 ; free virtual = 20687
INFO: [Netlist 29-17] Analyzing 858 Unisim elements for replacement
INFO: [Netlist 29-28] Unisim Transformation completed in 0 CPU seconds
INFO: [Project 1-479] Netlist was created with Vivado 2022.1
INFO: [Project 1-570] Preparing netlist for logic optimization
Parsing XDC File [/home/samchang/NTHU_Project_v3/vivado/vvd_caravel_fpga/vvd_caravel_fpga.gen/sources_1/bd/design_1/ip/design_1_processing_system7_0_0/design_1_processing_system7_0_0.xdc] for cell 'design_1_i/processing_system7_0/inst'
Finished Parsing XDC File [/home/samchang/NTHU_Project_v3/vivado/vvd_caravel_fpga/vvd_caravel_fpga.gen/sources_1/bd/design_1/ip/design_1_processing_system7_0_0/design_1_processing_system7_0_0.xdc] for cell 'design_1_i/processing_system7_0/inst'
Parsing XDC File [/home/samchang/NTHU_Project_v3/vivado/vvd_caravel_fpga/vvd_caravel_fpga.gen/sources_1/bd/design_1/ip/design_1_rst_ps7_0_10M_0/design_1_rst_ps7_0_10M_0_board.xdc] for cell 'design_1_i/rst_ps7_0_10M/U0'
Finished Parsing XDC File [/home/samchang/NTHU_Project_v3/vivado/vvd_caravel_fpga/vvd_caravel_fpga.gen/sources_1/bd/design_1/ip/design_1_rst_ps7_0_10M_0/design_1_rst_ps7_0_10M_0_board.xdc] for cell 'design_1_i/rst_ps7_0_10M/U0'
Parsing XDC File [/home/samchang/NTHU_Project_v3/vivado/vvd_caravel_fpga/vvd_caravel_fpga.gen/sources_1/bd/design_1/ip/design_1_rst_ps7_0_10M_0/design_1_rst_ps7_0_10M_0.xdc] for cell 'design_1_i/rst_ps7_0_10M/U0'
Finished Parsing XDC File [/home/samchang/NTHU_Project_v3/vivado/vvd_caravel_fpga/vvd_caravel_fpga.gen/sources_1/bd/design_1/ip/design_1_rst_ps7_0_10M_0/design_1_rst_ps7_0_10M_0.xdc] for cell 'design_1_i/rst_ps7_0_10M/U0'
Parsing XDC File [/home/samchang/NTHU_Project_v3/vivado/vvd_caravel_fpga/vvd_caravel_fpga.gen/sources_1/bd/design_1/ip/design_1_axi_uartlite_0_0/design_1_axi_uartlite_0_0_board.xdc] for cell 'design_1_i/axi_uartlite_0/U0'
Finished Parsing XDC File [/home/samchang/NTHU_Project_v3/vivado/vvd_caravel_fpga/vvd_caravel_fpga.gen/sources_1/bd/design_1/ip/design_1_axi_uartlite_0_0/design_1_axi_uartlite_0_0_board.xdc] for cell 'design_1_i/axi_uartlite_0/U0'
Parsing XDC File [/home/samchang/NTHU_Project_v3/vivado/vvd_caravel_fpga/vvd_caravel_fpga.gen/sources_1/bd/design_1/ip/design_1_axi_uartlite_0_0/design_1_axi_uartlite_0_0.xdc] for cell 'design_1_i/axi_uartlite_0/U0'
Finished Parsing XDC File [/home/samchang/NTHU_Project_v3/vivado/vvd_caravel_fpga/vvd_caravel_fpga.gen/sources_1/bd/design_1/ip/design_1_axi_uartlite_0_0/design_1_axi_uartlite_0_0.xdc] for cell 'design_1_i/axi_uartlite_0/U0'
Parsing XDC File [/home/samchang/NTHU_Project_v3/vivado/vvd_caravel_fpga/vvd_caravel_fpga.gen/sources_1/bd/design_1/ip/design_1_axi_intc_0_0/design_1_axi_intc_0_0.xdc] for cell 'design_1_i/axi_intc_0/U0'
Finished Parsing XDC File [/home/samchang/NTHU_Project_v3/vivado/vvd_caravel_fpga/vvd_caravel_fpga.gen/sources_1/bd/design_1/ip/design_1_axi_intc_0_0/design_1_axi_intc_0_0.xdc] for cell 'design_1_i/axi_intc_0/U0'
Parsing XDC File [/home/samchang/NTHU_Project_v3/vivado/vvd_caravel_fpga/vvd_caravel_fpga.gen/sources_1/bd/design_1/ip/design_1_auto_us_0/design_1_auto_us_0_clocks.xdc] for cell 'design_1_i/axi_mem_intercon/s00_couplers/auto_us/inst'
Finished Parsing XDC File [/home/samchang/NTHU_Project_v3/vivado/vvd_caravel_fpga/vvd_caravel_fpga.gen/sources_1/bd/design_1/ip/design_1_auto_us_0/design_1_auto_us_0_clocks.xdc] for cell 'design_1_i/axi_mem_intercon/s00_couplers/auto_us/inst'
Parsing XDC File [/home/samchang/NTHU_Project_v3/vivado/vvd_caravel_fpga/vvd_caravel_fpga.gen/sources_1/bd/design_1/ip/design_1_axi_intc_0_0/design_1_axi_intc_0_0_clocks.xdc] for cell 'design_1_i/axi_intc_0/U0'
Finished Parsing XDC File [/home/samchang/NTHU_Project_v3/vivado/vvd_caravel_fpga/vvd_caravel_fpga.gen/sources_1/bd/design_1/ip/design_1_axi_intc_0_0/design_1_axi_intc_0_0_clocks.xdc] for cell 'design_1_i/axi_intc_0/U0'
INFO: [Project 1-1714] 1 XPM XDC files have been applied to the design.
INFO: [Opt 31-138] Pushed 0 inverter(s) to 0 load pin(s).
Netlist sorting complete. Time (s): cpu = 00:00:00 ; elapsed = 00:00:00 . Memory (MB): peak = 9118.609 ; gain = 0.000 ; free physical = 10582 ; free virtual = 20591
INFO: [Project 1-111] Unisim Transformation Summary:
  A total of 69 instances were transformed.
  RAM16X1S => RAM32X1S (RAMS32): 64 instances
  RAM32M => RAM32M (RAMD32(x6), RAMS32(x2)): 4 instances
  RAM32X1D => RAM32X1D (RAMD32(x2)): 1 instance 

current_design impl_1
report_utilization -file /home/samchang/NTHU_Project_v3/vivado/vvd_caravel_fpga/utilization_report.txt -name utilization_1
report_utilization -file /home/samchang/NTHU_Project_v3/vivado/vvd_caravel_fpga/utilization_report_implementation.txt -name utilization_2
current_design synth_1
report_utilization -file /home/samchang/NTHU_Project_v3/vivado/vvd_caravel_fpga/utilization_report_synthesis.txt -name utilization_1
close_design
open_run synth_1 -name synth_1
Design is defaulting to impl run constrset: constrs_1
Design is defaulting to synth run part: xc7z020clg400-1
INFO: [Project 1-454] Reading design checkpoint '/home/samchang/NTHU_Project_v3/vivado/vvd_caravel_fpga/vvd_caravel_fpga.gen/sources_1/bd/design_1/ip/design_1_axi_intc_0_0/design_1_axi_intc_0_0.dcp' for cell 'design_1_i/axi_intc_0'
INFO: [Project 1-454] Reading design checkpoint '/home/samchang/NTHU_Project_v3/vivado/vvd_caravel_fpga/vvd_caravel_fpga.gen/sources_1/bd/design_1/ip/design_1_axi_uartlite_0_0/design_1_axi_uartlite_0_0.dcp' for cell 'design_1_i/axi_uartlite_0'
INFO: [Project 1-454] Reading design checkpoint '/home/samchang/NTHU_Project_v3/vivado/vvd_caravel_fpga/vvd_caravel_fpga.gen/sources_1/bd/design_1/ip/design_1_blk_mem_gen_0_0/design_1_blk_mem_gen_0_0.dcp' for cell 'design_1_i/blk_mem_gen_0'
INFO: [Project 1-454] Reading design checkpoint '/home/samchang/NTHU_Project_v3/vivado/vvd_caravel_fpga/vvd_caravel_fpga.gen/sources_1/bd/design_1/ip/design_1_caravel_0_0/design_1_caravel_0_0.dcp' for cell 'design_1_i/caravel_0'
INFO: [Project 1-454] Reading design checkpoint '/home/samchang/NTHU_Project_v3/vivado/vvd_caravel_fpga/vvd_caravel_fpga.gen/sources_1/bd/design_1/ip/design_1_caravel_ps_0_0/design_1_caravel_ps_0_0.dcp' for cell 'design_1_i/caravel_ps_0'
INFO: [Project 1-454] Reading design checkpoint '/home/samchang/NTHU_Project_v3/vivado/vvd_caravel_fpga/vvd_caravel_fpga.gen/sources_1/bd/design_1/ip/design_1_output_pin_0_0/design_1_output_pin_0_0.dcp' for cell 'design_1_i/output_pin_0'
INFO: [Project 1-454] Reading design checkpoint '/home/samchang/NTHU_Project_v3/vivado/vvd_caravel_fpga/vvd_caravel_fpga.gen/sources_1/bd/design_1/ip/design_1_processing_system7_0_0/design_1_processing_system7_0_0.dcp' for cell 'design_1_i/processing_system7_0'
INFO: [Project 1-454] Reading design checkpoint '/home/samchang/NTHU_Project_v3/vivado/vvd_caravel_fpga/vvd_caravel_fpga.gen/sources_1/bd/design_1/ip/design_1_read_romcode_0_0/design_1_read_romcode_0_0.dcp' for cell 'design_1_i/read_romcode_0'
INFO: [Project 1-454] Reading design checkpoint '/home/samchang/NTHU_Project_v3/vivado/vvd_caravel_fpga/vvd_caravel_fpga.gen/sources_1/bd/design_1/ip/design_1_rst_ps7_0_10M_0/design_1_rst_ps7_0_10M_0.dcp' for cell 'design_1_i/rst_ps7_0_10M'
INFO: [Project 1-454] Reading design checkpoint '/home/samchang/NTHU_Project_v3/vivado/vvd_caravel_fpga/vvd_caravel_fpga.gen/sources_1/bd/design_1/ip/design_1_spiflash_0_0/design_1_spiflash_0_0.dcp' for cell 'design_1_i/spiflash_0'
INFO: [Project 1-454] Reading design checkpoint '/home/samchang/NTHU_Project_v3/vivado/vvd_caravel_fpga/vvd_caravel_fpga.gen/sources_1/bd/design_1/ip/design_1_auto_pc_0/design_1_auto_pc_0.dcp' for cell 'design_1_i/axi_mem_intercon/s00_couplers/auto_pc'
INFO: [Project 1-454] Reading design checkpoint '/home/samchang/NTHU_Project_v3/vivado/vvd_caravel_fpga/vvd_caravel_fpga.gen/sources_1/bd/design_1/ip/design_1_auto_us_0/design_1_auto_us_0.dcp' for cell 'design_1_i/axi_mem_intercon/s00_couplers/auto_us'
INFO: [Project 1-454] Reading design checkpoint '/home/samchang/NTHU_Project_v3/vivado/vvd_caravel_fpga/vvd_caravel_fpga.gen/sources_1/bd/design_1/ip/design_1_xbar_0/design_1_xbar_0.dcp' for cell 'design_1_i/ps7_0_axi_periph/xbar'
INFO: [Project 1-454] Reading design checkpoint '/home/samchang/NTHU_Project_v3/vivado/vvd_caravel_fpga/vvd_caravel_fpga.gen/sources_1/bd/design_1/ip/design_1_auto_pc_1/design_1_auto_pc_1.dcp' for cell 'design_1_i/ps7_0_axi_periph/s00_couplers/auto_pc'
Netlist sorting complete. Time (s): cpu = 00:00:00.15 ; elapsed = 00:00:00.09 . Memory (MB): peak = 9241.656 ; gain = 0.000 ; free physical = 10623 ; free virtual = 20641
INFO: [Netlist 29-17] Analyzing 858 Unisim elements for replacement
INFO: [Netlist 29-28] Unisim Transformation completed in 0 CPU seconds
INFO: [Project 1-479] Netlist was created with Vivado 2022.1
INFO: [Project 1-570] Preparing netlist for logic optimization
Parsing XDC File [/home/samchang/NTHU_Project_v3/vivado/vvd_caravel_fpga/vvd_caravel_fpga.gen/sources_1/bd/design_1/ip/design_1_processing_system7_0_0/design_1_processing_system7_0_0.xdc] for cell 'design_1_i/processing_system7_0/inst'
Finished Parsing XDC File [/home/samchang/NTHU_Project_v3/vivado/vvd_caravel_fpga/vvd_caravel_fpga.gen/sources_1/bd/design_1/ip/design_1_processing_system7_0_0/design_1_processing_system7_0_0.xdc] for cell 'design_1_i/processing_system7_0/inst'
Parsing XDC File [/home/samchang/NTHU_Project_v3/vivado/vvd_caravel_fpga/vvd_caravel_fpga.gen/sources_1/bd/design_1/ip/design_1_rst_ps7_0_10M_0/design_1_rst_ps7_0_10M_0_board.xdc] for cell 'design_1_i/rst_ps7_0_10M/U0'
Finished Parsing XDC File [/home/samchang/NTHU_Project_v3/vivado/vvd_caravel_fpga/vvd_caravel_fpga.gen/sources_1/bd/design_1/ip/design_1_rst_ps7_0_10M_0/design_1_rst_ps7_0_10M_0_board.xdc] for cell 'design_1_i/rst_ps7_0_10M/U0'
Parsing XDC File [/home/samchang/NTHU_Project_v3/vivado/vvd_caravel_fpga/vvd_caravel_fpga.gen/sources_1/bd/design_1/ip/design_1_rst_ps7_0_10M_0/design_1_rst_ps7_0_10M_0.xdc] for cell 'design_1_i/rst_ps7_0_10M/U0'
Finished Parsing XDC File [/home/samchang/NTHU_Project_v3/vivado/vvd_caravel_fpga/vvd_caravel_fpga.gen/sources_1/bd/design_1/ip/design_1_rst_ps7_0_10M_0/design_1_rst_ps7_0_10M_0.xdc] for cell 'design_1_i/rst_ps7_0_10M/U0'
Parsing XDC File [/home/samchang/NTHU_Project_v3/vivado/vvd_caravel_fpga/vvd_caravel_fpga.gen/sources_1/bd/design_1/ip/design_1_axi_uartlite_0_0/design_1_axi_uartlite_0_0_board.xdc] for cell 'design_1_i/axi_uartlite_0/U0'
Finished Parsing XDC File [/home/samchang/NTHU_Project_v3/vivado/vvd_caravel_fpga/vvd_caravel_fpga.gen/sources_1/bd/design_1/ip/design_1_axi_uartlite_0_0/design_1_axi_uartlite_0_0_board.xdc] for cell 'design_1_i/axi_uartlite_0/U0'
Parsing XDC File [/home/samchang/NTHU_Project_v3/vivado/vvd_caravel_fpga/vvd_caravel_fpga.gen/sources_1/bd/design_1/ip/design_1_axi_uartlite_0_0/design_1_axi_uartlite_0_0.xdc] for cell 'design_1_i/axi_uartlite_0/U0'
Finished Parsing XDC File [/home/samchang/NTHU_Project_v3/vivado/vvd_caravel_fpga/vvd_caravel_fpga.gen/sources_1/bd/design_1/ip/design_1_axi_uartlite_0_0/design_1_axi_uartlite_0_0.xdc] for cell 'design_1_i/axi_uartlite_0/U0'
Parsing XDC File [/home/samchang/NTHU_Project_v3/vivado/vvd_caravel_fpga/vvd_caravel_fpga.gen/sources_1/bd/design_1/ip/design_1_axi_intc_0_0/design_1_axi_intc_0_0.xdc] for cell 'design_1_i/axi_intc_0/U0'
Finished Parsing XDC File [/home/samchang/NTHU_Project_v3/vivado/vvd_caravel_fpga/vvd_caravel_fpga.gen/sources_1/bd/design_1/ip/design_1_axi_intc_0_0/design_1_axi_intc_0_0.xdc] for cell 'design_1_i/axi_intc_0/U0'
Parsing XDC File [/home/samchang/NTHU_Project_v3/vivado/vvd_caravel_fpga/vvd_caravel_fpga.gen/sources_1/bd/design_1/ip/design_1_auto_us_0/design_1_auto_us_0_clocks.xdc] for cell 'design_1_i/axi_mem_intercon/s00_couplers/auto_us/inst'
Finished Parsing XDC File [/home/samchang/NTHU_Project_v3/vivado/vvd_caravel_fpga/vvd_caravel_fpga.gen/sources_1/bd/design_1/ip/design_1_auto_us_0/design_1_auto_us_0_clocks.xdc] for cell 'design_1_i/axi_mem_intercon/s00_couplers/auto_us/inst'
Parsing XDC File [/home/samchang/NTHU_Project_v3/vivado/vvd_caravel_fpga/vvd_caravel_fpga.gen/sources_1/bd/design_1/ip/design_1_axi_intc_0_0/design_1_axi_intc_0_0_clocks.xdc] for cell 'design_1_i/axi_intc_0/U0'
Finished Parsing XDC File [/home/samchang/NTHU_Project_v3/vivado/vvd_caravel_fpga/vvd_caravel_fpga.gen/sources_1/bd/design_1/ip/design_1_axi_intc_0_0/design_1_axi_intc_0_0_clocks.xdc] for cell 'design_1_i/axi_intc_0/U0'
INFO: [Project 1-1714] 1 XPM XDC files have been applied to the design.
INFO: [Opt 31-138] Pushed 0 inverter(s) to 0 load pin(s).
Netlist sorting complete. Time (s): cpu = 00:00:00 ; elapsed = 00:00:00 . Memory (MB): peak = 9241.656 ; gain = 0.000 ; free physical = 10533 ; free virtual = 20551
INFO: [Project 1-111] Unisim Transformation Summary:
  A total of 69 instances were transformed.
  RAM16X1S => RAM32X1S (RAMS32): 64 instances
  RAM32M => RAM32M (RAMD32(x6), RAMS32(x2)): 4 instances
  RAM32X1D => RAM32X1D (RAMD32(x2)): 1 instance 

report_timing_summary -delay_type min_max -report_unconstrained -check_timing_verbose -max_paths 10 -input_pins -routable_nets -name timing_1 -file /home/samchang/NTHU_Project_v3/vivado/vvd_caravel_fpga/timing_report_synthesis.txt
INFO: [Timing 38-35] Done setting XDC timing constraints.
INFO: [Timing 38-91] UpdateTimingParams: Speed grade: -1, Delay Type: min_max.
INFO: [Timing 38-191] Multithreading enabled for timing update using a maximum of 8 CPUs
current_design impl_1
report_timing_summary -delay_type min_max -report_unconstrained -check_timing_verbose -max_paths 10 -input_pins -routable_nets -name timing_1 -file /home/samchang/NTHU_Project_v3/vivado/vvd_caravel_fpga/timing_report_implementation.txt
INFO: [Timing 38-91] UpdateTimingParams: Speed grade: -1, Delay Type: min_max.
INFO: [Timing 38-191] Multithreading enabled for timing update using a maximum of 8 CPUs
current_design synth_1
report_utilization -name utilization_1
current_design impl_1
report_utilization -name utilization_3
exit
INFO: [Common 17-206] Exiting Vivado at Thu Apr 25 02:37:08 2024...
